<?xml version="1.0" encoding="UTF-8"?>
<!-- Generated by org.testng.reporters.JUnitReportReporter -->
<testsuite skipped="0" hostname="AK" name="com.google.msedge.opening.Testng" tests="3" failures="0" timestamp="2022-08-02T16:16:37 IST" time="11.916" errors="0">
  <testcase name="bing" time="2.140" classname="com.google.msedge.opening.Testng"/>
  <system-out/>
  <testcase name="google" time="5.638" classname="com.google.msedge.opening.Testng"/>
  <system-out/>
  <testcase name="yahoo" time="4.138" classname="com.google.msedge.opening.Testng"/>
  <system-out/>
</testsuite> <!-- com.google.msedge.opening.Testng -->
