<?xml version="1.0" encoding="UTF-8"?>
<!-- Generated by org.testng.reporters.JUnitReportReporter -->
<testsuite skipped="0" hostname="AK" name="com.google.msedge.opening.test20" tests="3" failures="0" timestamp="2022-08-02T16:22:24 IST" time="0.016" errors="0">
  <testcase name="mountain_tree" time="0.016" classname="com.google.msedge.opening.test20"/>
  <system-out/>
  <testcase name="forest_tree" time="0.000" classname="com.google.msedge.opening.test20"/>
  <system-out/>
  <testcase name="plant_root" time="0.000" classname="com.google.msedge.opening.test20"/>
  <system-out/>
</testsuite> <!-- com.google.msedge.opening.test20 -->
